<?xml version="1.0" encoding="UTF-8"?>
<!-- Generated by org.testng.reporters.JUnitReportReporter -->
<testsuite skipped="0" hostname="LAPTOP-7VQ11PQH" name="WOSpractice.WOS" tests="5" failures="0" timestamp="2020-07-07T18:10:08 IST" time="8.766" errors="0">
  <testcase name="URLcheck" time="8.762" classname="WOSpractice.WOS"/>
  <system-out/>
  <testcase name="DS1Trunk" time="0.001" classname="WOSpractice.WOS"/>
  <system-out/>
  <testcase name="Groups" time="0.001" classname="WOSpractice.WOS"/>
  <system-out/>
  <testcase name="PremtoPrem" time="0.001" classname="WOSpractice.WOS"/>
  <system-out/>
  <testcase name="TrunkOnly" time="0.001" classname="WOSpractice.WOS"/>
  <system-out/>
</testsuite> <!-- WOSpractice.WOS -->
