<?xml version="1.0" encoding="UTF-8"?>
<!-- Generated by org.testng.reporters.JUnitReportReporter -->
<testsuite skipped="0" hostname="LAPTOP-7VQ11PQH" name="practice.SecondClass" tests="1" failures="0" timestamp="2020-07-09T19:02:21 IST" time="0.008" errors="0">
  <testcase name="secondClassmethod1" time="0.008" classname="practice.SecondClass"/>
  <system-out/>
</testsuite> <!-- practice.SecondClass -->
