<?xml version="1.0" encoding="UTF-8"?>
<!-- Generated by org.testng.reporters.JUnitReportReporter -->
<testsuite skipped="0" hostname="LAPTOP-7VQ11PQH" name="WOSpractice.wosGUI" tests="1" failures="0" timestamp="2020-07-06T22:54:22 IST" time="0.001" errors="0">
  <testcase name="AddressValidation" time="0.001" classname="WOSpractice.wosGUI"/>
  <system-out/>
</testsuite> <!-- WOSpractice.wosGUI -->
