<?xml version="1.0" encoding="UTF-8"?>
<!-- Generated by org.testng.reporters.JUnitReportReporter -->
<testsuite skipped="0" hostname="LAPTOP-7VQ11PQH" name="WOSpractice.IPPS" tests="3" failures="0" timestamp="2020-07-07T18:10:08 IST" time="0.004" errors="0">
  <testcase name="AccesslineNewRequest" time="0.002" classname="WOSpractice.IPPS"/>
  <system-out/>
  <testcase name="AccesslineDisconnect" time="0.001" classname="WOSpractice.IPPS"/>
  <system-out/>
  <testcase name="Groups" time="0.001" classname="WOSpractice.IPPS"/>
  <system-out/>
</testsuite> <!-- WOSpractice.IPPS -->
