<?xml version="1.0" encoding="UTF-8"?>
<!-- Generated by org.testng.reporters.JUnitReportReporter -->
<testsuite skipped="0" hostname="LAPTOP-7VQ11PQH" name="WOSpractice.WIPS" tests="5" failures="0" timestamp="2020-07-07T18:10:08 IST" time="0.015" errors="0">
  <testcase name="MSPLines" time="0.001" classname="WOSpractice.WIPS"/>
  <system-out/>
  <testcase name="LightGatechannelised" time="0.001" classname="WOSpractice.WIPS"/>
  <system-out/>
  <testcase name="RTCircuits" time="0.002" classname="WOSpractice.WIPS"/>
  <system-out/>
  <testcase name="Groups" time="0.010" classname="WOSpractice.WIPS"/>
  <system-out/>
  <testcase name="LightGateNONchannelised" time="0.001" classname="WOSpractice.WIPS"/>
  <system-out/>
</testsuite> <!-- WOSpractice.WIPS -->
